<?xml version="1.0" encoding="UTF-8"?>
<testng-results ignored="0" total="1" passed="1" failed="0" skipped="0">
  <reporter-output>
  </reporter-output>
  <suite started-at="2022-10-19T21:16:49 EET" name="Surefire suite" finished-at="2022-10-19T21:16:59 EET" duration-ms="10119">
    <groups>
    </groups>
    <test started-at="2022-10-19T21:16:49 EET" name="Surefire test" finished-at="2022-10-19T21:16:59 EET" duration-ms="10119">
      <class name="deneme.Q5_DragAndDrop">
        <test-method signature="test()[pri:0, instance:deneme.Q5_DragAndDrop@27aae97b]" started-at="2022-10-19T21:16:49 EET" name="test" finished-at="2022-10-19T21:16:59 EET" duration-ms="9935" status="PASS">
          <reporter-output>
          </reporter-output>
        </test-method> <!-- test -->
      </class> <!-- deneme.Q5_DragAndDrop -->
    </test> <!-- Surefire test -->
  </suite> <!-- Surefire suite -->
</testng-results>
