<?xml version="1.0" encoding="UTF-8"?>
<testsuite xmlns:xsi="http://www.w3.org/2001/XMLSchema-instance" xsi:noNamespaceSchemaLocation="https://maven.apache.org/surefire/maven-surefire-plugin/xsd/surefire-test-report.xsd" name="US1005 dogru kullanici adi ve sifre ile giris yapilabilmeli" time="17.632" tests="1" errors="1" skipped="0" failures="0">
  <properties>
[...]
</properties>
  <testcase name="TC08 positive login test" classname="US1005 dogru kullanici adi ve sifre ile giris yapilabilmeli" time="17.632">
    <error message="no such element: Unable to locate element: {&quot;method&quot;:&quot;xpath&quot;,&quot;selector&quot;:&quot;(//a[@class=&apos;nav-link&apos;])[7]&quot;}&#10;  (Session info: chrome=110.0.5481.180)&#10;For documentation on this error, please visit: https://selenium.dev/exceptions/#no_such_element&#10;Build info: version: &apos;4.5.0&apos;, revision: &apos;fe167b119a&apos;&#10;System info: os.name: &apos;Windows 10&apos;, os.arch: &apos;amd64&apos;, os.version: &apos;10.0&apos;, java.version: &apos;11.0.13&apos;&#10;Driver info: org.openqa.selenium.chrome.ChromeDriver&#10;Command: [7467687a32909b3a24a8403b355a1dd5, findElement {using=xpath, value=(//a[@class=&apos;nav-link&apos;])[7]}]&#10;Capabilities {acceptInsecureCerts: false, browserName: chrome, browserVersion: 110.0.5481.180, chrome: {chromedriverVersion: 110.0.5481.77 (65ed616c6e8e..., userDataDir: C:\Program Files (x86)\scop...}, goog:chromeOptions: {debuggerAddress: localhost:52204}, networkConnectionEnabled: false, pageLoadStrategy: normal, platformName: WINDOWS, proxy: Proxy(), se:cdp: ws://localhost:52204/devtoo..., se:cdpVersion: 110.0.5481.180, setWindowRect: true, strictFileInteractability: false, timeouts: {implicit: 0, pageLoad: 300000, script: 30000}, unhandledPromptBehavior: dismiss and notify, webauthn:extension:credBlob: true, webauthn:extension:largeBlob: true, webauthn:virtualAuthenticators: true}&#10;Session ID: 7467687a32909b3a24a8403b355a1dd5" type="org.openqa.selenium.NoSuchElementException">org.openqa.selenium.NoSuchElementException: 
no such element: Unable to locate element: {"method":"xpath","selector":"(//a[@class='nav-link'])[7]"}
  (Session info: chrome=110.0.5481.180)
For documentation on this error, please visit: https://selenium.dev/exceptions/#no_such_element
Build info: version: '4.5.0', revision: 'fe167b119a'
System info: os.name: 'Windows 10', os.arch: 'amd64', os.version: '10.0', java.version: '11.0.13'
Driver info: org.openqa.selenium.chrome.ChromeDriver
Command: [7467687a32909b3a24a8403b355a1dd5, findElement {using=xpath, value=(//a[@class='nav-link'])[7]}]
Capabilities {acceptInsecureCerts: false, browserName: chrome, browserVersion: 110.0.5481.180, chrome: {chromedriverVersion: 110.0.5481.77 (65ed616c6e8e..., userDataDir: C:\Program Files (x86)\scop...}, goog:chromeOptions: {debuggerAddress: localhost:52204}, networkConnectionEnabled: false, pageLoadStrategy: normal, platformName: WINDOWS, proxy: Proxy(), se:cdp: ws://localhost:52204/devtoo..., se:cdpVersion: 110.0.5481.180, setWindowRect: true, strictFileInteractability: false, timeouts: {implicit: 0, pageLoad: 300000, script: 30000}, unhandledPromptBehavior: dismiss and notify, webauthn:extension:credBlob: true, webauthn:extension:largeBlob: true, webauthn:virtualAuthenticators: true}
Session ID: 7467687a32909b3a24a8403b355a1dd5
</error>
    <system-out><![CDATA[&amp#27;[32m&amp#27;[1m????????????????????????????????????????????????????????????????????????????&amp#27;[0m
&amp#27;[32m&amp#27;[1m?&amp#27;[0m View your Cucumber Report at:                                            &amp#27;[32m&amp#27;[1m?&amp#27;[0m
&amp#27;[32m&amp#27;[1m?&amp#27;[0m &amp#27;[1m&amp#27;[36m&amp#27;[4mhttps://reports.cucumber.io/reports/1bfecb02-4cd1-4d45-8416-e506dccde1ba&amp#27;[0m &amp#27;[32m&amp#27;[1m?&amp#27;[0m
&amp#27;[32m&amp#27;[1m?&amp#27;[0m                                                                          &amp#27;[32m&amp#27;[1m?&amp#27;[0m
&amp#27;[32m&amp#27;[1m?&amp#27;[0m &amp#27;[1mThis report will self-destruct in 24h.&amp#27;[0m                                   &amp#27;[32m&amp#27;[1m?&amp#27;[0m
&amp#27;[32m&amp#27;[1m?&amp#27;[0m Keep reports forever: &amp#27;[4m&amp#27;[1m&amp#27;[36mhttps://reports.cucumber.io/profile&amp#27;[0m                &amp#27;[32m&amp#27;[1m?&amp#27;[0m
&amp#27;[32m&amp#27;[1m????????????????????????????????????????????????????????????????????????????&amp#27;[0m]]></system-out>
    <system-err><![CDATA[Starting ChromeDriver 110.0.5481.77 (65ed616c6e8ee3fe0ad64fe83796c020644d42af-refs/branch-heads/5481@{#839}) on port 64014
Only local connections are allowed.
Please see https://chromedriver.chromium.org/security-considerations for suggestions on keeping ChromeDriver safe.
ChromeDriver was started successfully.
[1678391793.218][WARNING]: virtual void DevToolsClientImpl::AddListener(DevToolsEventListener *) subscribing a listener to the already connected DevToolsClient. Connection notification will not arrive.
Mar 09, 2023 10:56:33 ÖS org.openqa.selenium.remote.ProtocolHandshake createSession
INFO: Detected upstream dialect: W3C
Mar 09, 2023 10:56:33 ÖS org.openqa.selenium.devtools.CdpVersionFinder findNearestMatch
WARNING: Unable to find an exact match for CDP version 110, so returning the closest version found: 106
Mar 09, 2023 10:56:33 ÖS org.openqa.selenium.devtools.CdpVersionFinder findNearestMatch
INFO: Found CDP implementation for version 110 of 106
]]></system-err>
  </testcase>
</testsuite>